build/outputs/logs/manifest-merger-debug-report.txt
-- Merging decision tree log ---
manifest
ADDED from Downloads/freejoin/AndroidManifest.xml:2:1-40:12
	xmlns:android
		ADDED from Downloads/freejoin/AndroidManifest.xml:2:11-69
	package
		ADDED from Downloads/freejoin/AndroidManifest.xml:3:5-30
	android:versionName
		ADDED from Downloads/freejoin/AndroidManifest.xml:5:5-30
	android:versionCode
		ADDED from Downloads/freejoin/AndroidManifest.xml:4:5-28
		INJECTED from Downloads/freejoin/AndroidManifest.xml
		INJECTED from Downloads/freejoin/AndroidManifest.xml
uses-sdk
ADDED from Downloads/freejoin/AndroidManifest.xml:7:5-9:41
	android:targetSdkVersion
		ADDED from Downloads/freejoin/AndroidManifest.xml:9:9-38
	android:minSdkVersion
		ADDED from Downloads/freejoin/AndroidManifest.xml:8:9-35
uses-permission#android.permission.WRITE_EXTERNAL_STORAGE
ADDED from Downloads/freejoin/AndroidManifest.xml:11:5-81
	android:name
		ADDED from Downloads/freejoin/AndroidManifest.xml:11:22-78
uses-permission#android.permission.MOUNT_UNMOUNT_FILESYSTEMS
ADDED from Downloads/freejoin/AndroidManifest.xml:12:5-84
	android:name
		ADDED from Downloads/freejoin/AndroidManifest.xml:12:22-81
uses-permission#android.permission.CHANGE_WIFI_STATE
ADDED from Downloads/freejoin/AndroidManifest.xml:13:5-76
	android:name
		ADDED from Downloads/freejoin/AndroidManifest.xml:13:22-73
uses-permission#android.permission.INTERNET
ADDED from Downloads/freejoin/AndroidManifest.xml:14:5-67
	android:name
		ADDED from Downloads/freejoin/AndroidManifest.xml:14:22-64
uses-permission#android.permission.READ_LOGS
ADDED from Downloads/freejoin/AndroidManifest.xml:15:5-68
	android:name
		ADDED from Downloads/freejoin/AndroidManifest.xml:15:22-65
application
ADDED from Downloads/freejoin/AndroidManifest.xml:17:5-38:19
	android:label
		ADDED from Downloads/freejoin/AndroidManifest.xml:20:9-41
	android:allowBackup
		ADDED from Downloads/freejoin/AndroidManifest.xml:18:9-35
	android:icon
		ADDED from Downloads/freejoin/AndroidManifest.xml:19:9-45
	android:theme
		ADDED from Downloads/freejoin/AndroidManifest.xml:21:9-56
activity#com.ui.freejion.MainActivity
ADDED from Downloads/freejoin/AndroidManifest.xml:22:9-30:20
	android:label
		ADDED from Downloads/freejoin/AndroidManifest.xml:24:13-45
	android:name
		ADDED from Downloads/freejoin/AndroidManifest.xml:23:13-41
intent-filter#android.intent.action.MAIN+android.intent.category.LAUNCHER
ADDED from Downloads/freejoin/AndroidManifest.xml:25:13-29:29
action#android.intent.action.MAIN
ADDED from Downloads/freejoin/AndroidManifest.xml:26:17-69
	android:name
		ADDED from Downloads/freejoin/AndroidManifest.xml:26:25-66
category#android.intent.category.LAUNCHER
ADDED from Downloads/freejoin/AndroidManifest.xml:28:17-77
	android:name
		ADDED from Downloads/freejoin/AndroidManifest.xml:28:27-74
activity#com.ui.freejion.MyActivity
ADDED from Downloads/freejoin/AndroidManifest.xml:31:9-33:67
	android:windowSoftInputMode
		ADDED from Downloads/freejoin/AndroidManifest.xml:33:13-64
	android:name
		ADDED from Downloads/freejoin/AndroidManifest.xml:32:13-39
activity#com.ui.freejion.CreateActivity
ADDED from Downloads/freejoin/AndroidManifest.xml:34:9-36:67
	android:windowSoftInputMode
		ADDED from Downloads/freejoin/AndroidManifest.xml:36:13-64
	android:name
		ADDED from Downloads/freejoin/AndroidManifest.xml:35:13-43
activity#com.ui.freejion.DetailActivity
ADDED from Downloads/freejoin/AndroidManifest.xml:37:9-52
	android:name
		ADDED from Downloads/freejoin/AndroidManifest.xml:37:19-49